0 info it worked if it ends with ok
1 verbose cli [ 'D:\\node.js\\node.exe',
1 verbose cli   'D:\\node.js\\node_modules\\npm\\bin\\npm-cli.js',
1 verbose cli   'install',
1 verbose cli   'echarts' ]
2 info using npm@3.10.9
3 info using node@v6.9.2
4 silly loadCurrentTree Starting
5 silly install loadCurrentTree
6 silly install readLocalPackageData
7 silly fetchPackageMetaData echarts
8 silly fetchNamedPackageData echarts
9 silly mapToRegistry name echarts
10 silly mapToRegistry using default registry
11 silly mapToRegistry registry https://registry.npmjs.org/
12 silly mapToRegistry data Result {
12 silly mapToRegistry   raw: 'echarts',
12 silly mapToRegistry   scope: null,
12 silly mapToRegistry   escapedName: 'echarts',
12 silly mapToRegistry   name: 'echarts',
12 silly mapToRegistry   rawSpec: '',
12 silly mapToRegistry   spec: 'latest',
12 silly mapToRegistry   type: 'tag' }
13 silly mapToRegistry uri https://registry.npmjs.org/echarts
14 verbose request uri https://registry.npmjs.org/echarts
15 verbose request no auth needed
16 info attempt registry request try #1 at 20:16:15
17 verbose request id 21505b53a8d4543d
18 http request GET https://registry.npmjs.org/echarts
19 http 200 https://registry.npmjs.org/echarts
20 verbose headers { server: 'nginx/1.10.3',
20 verbose headers   'content-type': 'application/json',
20 verbose headers   'last-modified': 'Thu, 28 Sep 2017 03:37:22 GMT',
20 verbose headers   etag: 'W/"59cc6e72-ea92"',
20 verbose headers   'content-encoding': 'gzip',
20 verbose headers   'cache-control': 'max-age=300',
20 verbose headers   'content-length': '8142',
20 verbose headers   'accept-ranges': 'bytes',
20 verbose headers   date: 'Thu, 02 Nov 2017 12:16:15 GMT',
20 verbose headers   via: '1.1 varnish',
20 verbose headers   age: '0',
20 verbose headers   connection: 'keep-alive',
20 verbose headers   'x-served-by': 'cache-nrt6134-NRT',
20 verbose headers   'x-cache': 'HIT',
20 verbose headers   'x-cache-hits': '1',
20 verbose headers   'x-timer': 'S1509624975.057473,VS0,VE600',
20 verbose headers   vary: 'Accept-Encoding, Accept' }
21 silly get cb [ 200,
21 silly get   { server: 'nginx/1.10.3',
21 silly get     'content-type': 'application/json',
21 silly get     'last-modified': 'Thu, 28 Sep 2017 03:37:22 GMT',
21 silly get     etag: 'W/"59cc6e72-ea92"',
21 silly get     'content-encoding': 'gzip',
21 silly get     'cache-control': 'max-age=300',
21 silly get     'content-length': '8142',
21 silly get     'accept-ranges': 'bytes',
21 silly get     date: 'Thu, 02 Nov 2017 12:16:15 GMT',
21 silly get     via: '1.1 varnish',
21 silly get     age: '0',
21 silly get     connection: 'keep-alive',
21 silly get     'x-served-by': 'cache-nrt6134-NRT',
21 silly get     'x-cache': 'HIT',
21 silly get     'x-cache-hits': '1',
21 silly get     'x-timer': 'S1509624975.057473,VS0,VE600',
21 silly get     vary: 'Accept-Encoding, Accept' } ]
22 verbose get saving echarts to C:\Users\windows\AppData\Roaming\npm-cache\registry.npmjs.org\echarts\.cache.json
23 verbose correctMkdir C:\Users\windows\AppData\Roaming\npm-cache correctMkdir not in flight; initializing
24 silly install normalizeTree
25 silly loadCurrentTree Finishing
26 silly loadIdealTree Starting
27 silly install loadIdealTree
28 silly cloneCurrentTree Starting
29 silly install cloneCurrentTreeToIdealTree
30 silly cloneCurrentTree Finishing
31 silly loadShrinkwrap Starting
32 silly install loadShrinkwrap
33 silly loadShrinkwrap Finishing
34 silly loadAllDepsIntoIdealTree Starting
35 silly install loadAllDepsIntoIdealTree
36 silly resolveWithNewModule echarts@3.7.2 checking installable status
37 silly cache add args [ 'echarts', null ]
38 verbose cache add spec echarts
39 silly cache add parsed spec Result {
39 silly cache add   raw: 'echarts',
39 silly cache add   scope: null,
39 silly cache add   escapedName: 'echarts',
39 silly cache add   name: 'echarts',
39 silly cache add   rawSpec: '',
39 silly cache add   spec: 'latest',
39 silly cache add   type: 'tag' }
40 silly addNamed echarts@latest
41 verbose addNamed "latest" is being treated as a dist-tag for echarts
42 info addNameTag [ 'echarts', 'latest' ]
43 silly mapToRegistry name echarts
44 silly mapToRegistry using default registry
45 silly mapToRegistry registry https://registry.npmjs.org/
46 silly mapToRegistry data Result {
46 silly mapToRegistry   raw: 'echarts',
46 silly mapToRegistry   scope: null,
46 silly mapToRegistry   escapedName: 'echarts',
46 silly mapToRegistry   name: 'echarts',
46 silly mapToRegistry   rawSpec: '',
46 silly mapToRegistry   spec: 'latest',
46 silly mapToRegistry   type: 'tag' }
47 silly mapToRegistry uri https://registry.npmjs.org/echarts
48 verbose addNameTag registry:https://registry.npmjs.org/echarts not in flight; fetching
49 verbose get https://registry.npmjs.org/echarts not expired, no request
50 silly addNameTag next cb for echarts with tag latest
51 silly addNamed echarts@3.7.2
52 verbose addNamed "3.7.2" is a plain semver version for echarts
53 silly mapToRegistry name echarts
54 silly mapToRegistry using default registry
55 silly mapToRegistry registry https://registry.npmjs.org/
56 silly mapToRegistry data Result {
56 silly mapToRegistry   raw: 'echarts',
56 silly mapToRegistry   scope: null,
56 silly mapToRegistry   escapedName: 'echarts',
56 silly mapToRegistry   name: 'echarts',
56 silly mapToRegistry   rawSpec: '',
56 silly mapToRegistry   spec: 'latest',
56 silly mapToRegistry   type: 'tag' }
57 silly mapToRegistry uri https://registry.npmjs.org/echarts
58 verbose addRemoteTarball https://registry.npmjs.org/echarts/-/echarts-3.7.2.tgz not in flight; adding
59 verbose addRemoteTarball [ 'https://registry.npmjs.org/echarts/-/echarts-3.7.2.tgz',
59 verbose addRemoteTarball   '3b37764d8bc0c8ab49cbea16bc0b55726451caaa' ]
60 info retry fetch attempt 1 at 20:16:17
61 info attempt registry request try #1 at 20:16:17
62 http fetch GET https://registry.npmjs.org/echarts/-/echarts-3.7.2.tgz
63 http fetch 200 https://registry.npmjs.org/echarts/-/echarts-3.7.2.tgz
64 info retry will retry, error on last attempt: Error: read ECONNRESET
65 silly fetchAndShaCheck shasum 3b37764d8bc0c8ab49cbea16bc0b55726451caaa
66 silly rollbackFailedOptional Starting
67 silly rollbackFailedOptional Finishing
68 silly runTopLevelLifecycles Finishing
69 silly install printInstalled
70 verbose stack Error: shasum check failed for C:\Users\windows\AppData\Local\Temp\npm-11268-62c6bd78\registry.npmjs.org\echarts\-\echarts-3.7.2.tgz
70 verbose stack Expected: 3b37764d8bc0c8ab49cbea16bc0b55726451caaa
70 verbose stack Actual:   197d5829121bd4561261d51cf3e68a502dc8e7c4
70 verbose stack From:     https://registry.npmjs.org/echarts/-/echarts-3.7.2.tgz
70 verbose stack     at D:\node.js\node_modules\npm\node_modules\sha\index.js:25:8
70 verbose stack     at ReadStream.<anonymous> (D:\node.js\node_modules\npm\node_modules\sha\index.js:72:7)
70 verbose stack     at emitNone (events.js:91:20)
70 verbose stack     at ReadStream.emit (events.js:185:7)
70 verbose stack     at endReadableNT (_stream_readable.js:974:12)
70 verbose stack     at _combinedTickCallback (internal/process/next_tick.js:74:11)
70 verbose stack     at process._tickCallback (internal/process/next_tick.js:98:9)
71 verbose cwd D:\git\Git\yueyue\yueyue\lib
72 error Windows_NT 6.1.7601
73 error argv "D:\\node.js\\node.exe" "D:\\node.js\\node_modules\\npm\\bin\\npm-cli.js" "install" "echarts"
74 error node v6.9.2
75 error npm  v3.10.9
76 error shasum check failed for C:\Users\windows\AppData\Local\Temp\npm-11268-62c6bd78\registry.npmjs.org\echarts\-\echarts-3.7.2.tgz
76 error Expected: 3b37764d8bc0c8ab49cbea16bc0b55726451caaa
76 error Actual:   197d5829121bd4561261d51cf3e68a502dc8e7c4
76 error From:     https://registry.npmjs.org/echarts/-/echarts-3.7.2.tgz
77 error If you need help, you may report this error at:
77 error     <https://github.com/npm/npm/issues>
78 verbose exit [ 1, true ]
